<?xml version="1.0" encoding="UTF-8"?>
<testng-results ignored="0" total="3" passed="3" failed="0" skipped="0">
  <reporter-output>
  </reporter-output>
  <suite started-at="2022-12-22T14:55:06 IST" name="Default suite" finished-at="2022-12-22T14:55:23 IST" duration-ms="16815">
    <groups>
    </groups>
    <test started-at="2022-12-22T14:55:06 IST" name="Default test" finished-at="2022-12-22T14:55:23 IST" duration-ms="16815">
      <class name="com.excelr.testing.DataProviderDemo">
        <test-method signature="validateLogin(java.lang.String,java.lang.String)[pri:0, instance:com.excelr.testing.DataProviderDemo@6e171cd7]" started-at="2022-12-22T14:55:07 IST" name="validateLogin" data-provider="loginData" finished-at="2022-12-22T14:55:13 IST" duration-ms="6175" status="PASS">
          <params>
            <param index="0">
              <value>
                <![CDATA[admin]]>
              </value>
            </param>
            <param index="1">
              <value>
                <![CDATA[admin123]]>
              </value>
            </param>
          </params>
          <reporter-output>
          </reporter-output>
        </test-method> <!-- validateLogin -->
        <test-method signature="validateLogin(java.lang.String,java.lang.String)[pri:0, instance:com.excelr.testing.DataProviderDemo@6e171cd7]" started-at="2022-12-22T14:55:13 IST" name="validateLogin" data-provider="loginData" finished-at="2022-12-22T14:55:18 IST" duration-ms="4946" status="PASS">
          <params>
            <param index="0">
              <value>
                <![CDATA[hr]]>
              </value>
            </param>
            <param index="1">
              <value>
                <![CDATA[hr123]]>
              </value>
            </param>
          </params>
          <reporter-output>
          </reporter-output>
        </test-method> <!-- validateLogin -->
        <test-method signature="validateLogin(java.lang.String,java.lang.String)[pri:0, instance:com.excelr.testing.DataProviderDemo@6e171cd7]" started-at="2022-12-22T14:55:18 IST" name="validateLogin" data-provider="loginData" finished-at="2022-12-22T14:55:23 IST" duration-ms="5045" status="PASS">
          <params>
            <param index="0">
              <value>
                <![CDATA[finance]]>
              </value>
            </param>
            <param index="1">
              <value>
                <![CDATA[finance123]]>
              </value>
            </param>
          </params>
          <reporter-output>
          </reporter-output>
        </test-method> <!-- validateLogin -->
      </class> <!-- com.excelr.testing.DataProviderDemo -->
    </test> <!-- Default test -->
  </suite> <!-- Default suite -->
</testng-results>
