<?xml version="1.0" encoding="UTF-8"?>
<!-- Generated by org.testng.reporters.JUnitXMLReporter -->
<testsuite ignored="4" hostname="Rupali" failures="0" tests="0" time="0.008" errors="0" timestamp="2022-11-21T20:10:24 IST">
  <testcase classname="com.excelr.testing.HelperAnnotations" name="TC1" time="0.0">
    <ignored/>
  </testcase> <!-- TC1 -->
  <testcase classname="com.excelr.testing.HelperAnnotations" name="TC3" time="0.0">
    <ignored/>
  </testcase> <!-- TC3 -->
  <testcase classname="com.excelr.testing.HelperAnnotations" name="TC4" time="0.0">
    <ignored/>
  </testcase> <!-- TC4 -->
  <testcase classname="com.excelr.testing.HelperAnnotations" name="TC2" time="0.0">
    <ignored/>
  </testcase> <!-- TC2 -->
</testsuite>
