<?xml version="1.0" encoding="UTF-8"?>
<!-- Generated by org.testng.reporters.JUnitXMLReporter -->
<testsuite ignored="0" hostname="Rupali" failures="0" tests="15" name="Test2" time="0.106" errors="0" timestamp="2022-11-21T20:10:24 IST">
  <testcase classname="com.excelr.testing.TestNGDemo" name="ABCTest" time="0.005"/>
  <testcase classname="com.excelr.testing.TestNGDemo" name="ValidateLogin" time="0.002"/>
  <testcase classname="com.excelr.testing.TestNGDemo" name="ValidateLogo" time="0.002"/>
  <testcase classname="com.excelr.testing.TestNGDemo" name="ValidateTitle" time="0.002"/>
  <testcase classname="com.excelr.testing.TestNGDemo" name="ZebraTest" time="0.002"/>
  <testcase classname="com.excelr.testing.FBApp" name="Open" time="0.002"/>
  <testcase classname="com.excelr.testing.FBApp" name="notification" time="0.002"/>
  <testcase classname="com.excelr.testing.FBApp" name="sendRequest" time="0.001"/>
  <testcase classname="com.excelr.testing.FBWeb" name="Open" time="0.003"/>
  <testcase classname="com.excelr.testing.FBWeb" name="notification" time="0.004"/>
  <testcase classname="com.excelr.testing.FBWeb" name="sendRequest" time="0.002"/>
  <testcase classname="com.excelr.testing.DependsOnDemo" name="validateLogin" time="0.004"/>
  <testcase classname="com.excelr.testing.DependsOnDemo" name="applyLeave" time="0.001"/>
  <testcase classname="com.excelr.testing.DependsOnDemo" name="deleteLeave" time="0.001"/>
  <testcase classname="com.excelr.testing.DependsOnDemo" name="editLeave" time="0.002"/>
</testsuite> <!-- Test2 -->
