<?xml version="1.0" encoding="UTF-8"?>
<!-- Generated by org.testng.reporters.JUnitXMLReporter -->
<testsuite ignored="0" hostname="Rupali" failures="0" tests="9" name="Test1" time="0.133" errors="0" timestamp="2022-11-08T13:10:14 IST">
  <testcase classname="com.excelr.testing.TestNGDemo" name="ABCTest" time="0.006"/>
  <testcase classname="com.excelr.testing.TestNGDemo" name="ValidateLogin" time="0.002"/>
  <testcase classname="com.excelr.testing.TestNGDemo" name="ValidateLogo" time="0.002"/>
  <testcase classname="com.excelr.testing.TestNGDemo" name="ValidateTitle" time="0.001"/>
  <testcase classname="com.excelr.testing.TestNGDemo" name="ZebraTest" time="0.001"/>
  <testcase classname="com.excelr.testing.DependsOnDemo" name="validateLogin" time="0.004"/>
  <testcase classname="com.excelr.testing.DependsOnDemo" name="applyLeave" time="0.002"/>
  <testcase classname="com.excelr.testing.DependsOnDemo" name="deleteLeave" time="0.001"/>
  <testcase classname="com.excelr.testing.DependsOnDemo" name="editLeave" time="0.002"/>
</testsuite> <!-- Test1 -->
