<?xml version="1.0" encoding="UTF-8"?>
<!-- Generated by org.testng.reporters.JUnitXMLReporter -->
<testsuite hostname="Rupali" failures="0" tests="9" name="Test1" time="0.023" errors="0" timestamp="17 Nov 2022 16:13:31 GMT">
  <testcase classname="com.excelr.testing.TestNGDemo" name="ZebraTest" time="0.002"/>
  <testcase classname="com.excelr.testing.TestNGDemo" name="ValidateLogo" time="0.0"/>
  <testcase classname="com.excelr.testing.TestNGDemo" name="ABCTest" time="0.0"/>
  <testcase classname="com.excelr.testing.TestNGDemo" name="ValidateLogin" time="0.0"/>
  <testcase classname="com.excelr.testing.TestNGDemo" name="ValidateTitle" time="0.0"/>
  <testcase classname="com.excelr.testing.DependsOnDemo" name="validateLogin" time="0.003"/>
  <testcase classname="com.excelr.testing.DependsOnDemo" name="applyLeave" time="0.001"/>
  <testcase classname="com.excelr.testing.DependsOnDemo" name="deleteLeave" time="0.0"/>
  <testcase classname="com.excelr.testing.DependsOnDemo" name="editLeave" time="0.0"/>
</testsuite> <!-- Test1 -->
