<?xml version="1.0" encoding="UTF-8"?>
<!-- Generated by org.testng.reporters.JUnitXMLReporter -->
<testsuite ignored="0" hostname="Rupali" failures="0" tests="3" name="Default test" time="16.815" errors="0" timestamp="2022-12-22T14:55:23 IST">
  <testcase classname="com.excelr.testing.DataProviderDemo" name="validateLogin" time="6.175"/>
  <testcase classname="com.excelr.testing.DataProviderDemo" name="validateLogin" time="4.946"/>
  <testcase classname="com.excelr.testing.DataProviderDemo" name="validateLogin" time="5.045"/>
</testsuite> <!-- Default test -->
