<?xml version="1.0" encoding="UTF-8"?>
<!-- Generated by org.testng.reporters.JUnitXMLReporter -->
<testsuite ignored="0" hostname="Rupali" failures="0" tests="3" name="Default test" time="0.062" errors="0" timestamp="2022-11-21T20:09:09 IST">
  <testcase classname="com.excelr.testing.FBApp" name="Open" time="0.009"/>
  <testcase classname="com.excelr.testing.FBApp" name="notification" time="0.001"/>
  <testcase classname="com.excelr.testing.FBApp" name="sendRequest" time="0.001"/>
</testsuite> <!-- Default test -->
