<?xml version="1.0" encoding="UTF-8"?>
<testng-results total="9" passed="9" failed="0" skipped="0">
  <reporter-output>
  </reporter-output>
  <suite started-at="2022-11-17T16:13:31Z" name="Suite" finished-at="2022-11-17T16:13:31Z" duration-ms="23">
    <groups>
    </groups>
    <test started-at="2022-11-17T16:13:31Z" name="Test1" finished-at="2022-11-17T16:13:31Z" duration-ms="23">
      <class name="com.excelr.testing.TestNGDemo">
        <test-method is-config="true" signature="beforeSuit()[pri:0, instance:com.excelr.testing.TestNGDemo@7fd50002]" started-at="2022-11-17T21:43:31Z" name="beforeSuit" finished-at="2022-11-17T21:43:31Z" duration-ms="9" status="PASS">
          <reporter-output>
          </reporter-output>
        </test-method> <!-- beforeSuit -->
        <test-method is-config="true" signature="beforeWebTest()[pri:0, instance:com.excelr.testing.TestNGDemo@7fd50002]" started-at="2022-11-17T21:43:31Z" name="beforeWebTest" finished-at="2022-11-17T21:43:31Z" duration-ms="0" status="PASS">
          <reporter-output>
          </reporter-output>
        </test-method> <!-- beforeWebTest -->
        <test-method is-config="true" signature="beforeClass()[pri:0, instance:com.excelr.testing.TestNGDemo@7fd50002]" started-at="2022-11-17T21:43:31Z" name="beforeClass" finished-at="2022-11-17T21:43:31Z" duration-ms="1" status="PASS">
          <reporter-output>
          </reporter-output>
        </test-method> <!-- beforeClass -->
        <test-method is-config="true" signature="beforeMethod()[pri:0, instance:com.excelr.testing.TestNGDemo@7fd50002]" started-at="2022-11-17T21:43:31Z" name="beforeMethod" finished-at="2022-11-17T21:43:31Z" duration-ms="0" status="PASS">
          <reporter-output>
          </reporter-output>
        </test-method> <!-- beforeMethod -->
        <test-method signature="ZebraTest()[pri:0, instance:com.excelr.testing.TestNGDemo@7fd50002]" started-at="2022-11-17T21:43:31Z" name="ZebraTest" finished-at="2022-11-17T21:43:31Z" duration-ms="2" status="PASS">
          <reporter-output>
          </reporter-output>
        </test-method> <!-- ZebraTest -->
        <test-method signature="ValidateLogo()[pri:0, instance:com.excelr.testing.TestNGDemo@7fd50002]" started-at="2022-11-17T21:43:31Z" name="ValidateLogo" finished-at="2022-11-17T21:43:31Z" duration-ms="0" status="PASS">
          <reporter-output>
          </reporter-output>
        </test-method> <!-- ValidateLogo -->
        <test-method is-config="true" signature="afterMethod()[pri:0, instance:com.excelr.testing.TestNGDemo@7fd50002]" started-at="2022-11-17T21:43:31Z" name="afterMethod" finished-at="2022-11-17T21:43:31Z" duration-ms="0" status="PASS">
          <reporter-output>
          </reporter-output>
        </test-method> <!-- afterMethod -->
        <test-method is-config="true" signature="afterMethod()[pri:0, instance:com.excelr.testing.TestNGDemo@7fd50002]" started-at="2022-11-17T21:43:31Z" name="afterMethod" finished-at="2022-11-17T21:43:31Z" duration-ms="1" status="PASS">
          <reporter-output>
          </reporter-output>
        </test-method> <!-- afterMethod -->
        <test-method is-config="true" signature="beforeMethod()[pri:0, instance:com.excelr.testing.TestNGDemo@7fd50002]" started-at="2022-11-17T21:43:31Z" name="beforeMethod" finished-at="2022-11-17T21:43:31Z" duration-ms="0" status="PASS">
          <reporter-output>
          </reporter-output>
        </test-method> <!-- beforeMethod -->
        <test-method signature="ABCTest()[pri:0, instance:com.excelr.testing.TestNGDemo@7fd50002]" started-at="2022-11-17T21:43:31Z" name="ABCTest" finished-at="2022-11-17T21:43:31Z" duration-ms="0" status="PASS">
          <reporter-output>
          </reporter-output>
        </test-method> <!-- ABCTest -->
        <test-method is-config="true" signature="afterMethod()[pri:0, instance:com.excelr.testing.TestNGDemo@7fd50002]" started-at="2022-11-17T21:43:31Z" name="afterMethod" finished-at="2022-11-17T21:43:31Z" duration-ms="1" status="PASS">
          <reporter-output>
          </reporter-output>
        </test-method> <!-- afterMethod -->
        <test-method is-config="true" signature="beforeMethod()[pri:0, instance:com.excelr.testing.TestNGDemo@7fd50002]" started-at="2022-11-17T21:43:31Z" name="beforeMethod" finished-at="2022-11-17T21:43:31Z" duration-ms="0" status="PASS">
          <reporter-output>
          </reporter-output>
        </test-method> <!-- beforeMethod -->
        <test-method is-config="true" signature="afterMethod()[pri:0, instance:com.excelr.testing.TestNGDemo@7fd50002]" started-at="2022-11-17T21:43:31Z" name="afterMethod" finished-at="2022-11-17T21:43:31Z" duration-ms="0" status="PASS">
          <reporter-output>
          </reporter-output>
        </test-method> <!-- afterMethod -->
        <test-method is-config="true" signature="beforeMethod()[pri:0, instance:com.excelr.testing.TestNGDemo@7fd50002]" started-at="2022-11-17T21:43:31Z" name="beforeMethod" finished-at="2022-11-17T21:43:31Z" duration-ms="0" status="PASS">
          <reporter-output>
          </reporter-output>
        </test-method> <!-- beforeMethod -->
        <test-method signature="ValidateLogin()[pri:0, instance:com.excelr.testing.TestNGDemo@7fd50002]" started-at="2022-11-17T21:43:31Z" name="ValidateLogin" finished-at="2022-11-17T21:43:31Z" duration-ms="0" status="PASS">
          <reporter-output>
          </reporter-output>
        </test-method> <!-- ValidateLogin -->
        <test-method is-config="true" signature="beforeMethod()[pri:0, instance:com.excelr.testing.TestNGDemo@7fd50002]" started-at="2022-11-17T21:43:31Z" name="beforeMethod" finished-at="2022-11-17T21:43:31Z" duration-ms="0" status="PASS">
          <reporter-output>
          </reporter-output>
        </test-method> <!-- beforeMethod -->
        <test-method signature="ValidateTitle()[pri:0, instance:com.excelr.testing.TestNGDemo@7fd50002]" started-at="2022-11-17T21:43:31Z" name="ValidateTitle" finished-at="2022-11-17T21:43:31Z" duration-ms="0" status="PASS">
          <reporter-output>
          </reporter-output>
        </test-method> <!-- ValidateTitle -->
        <test-method is-config="true" signature="afterMethod()[pri:0, instance:com.excelr.testing.TestNGDemo@7fd50002]" started-at="2022-11-17T21:43:31Z" name="afterMethod" finished-at="2022-11-17T21:43:31Z" duration-ms="0" status="PASS">
          <reporter-output>
          </reporter-output>
        </test-method> <!-- afterMethod -->
        <test-method is-config="true" signature="afterClass()[pri:0, instance:com.excelr.testing.TestNGDemo@7fd50002]" started-at="2022-11-17T21:43:31Z" name="afterClass" finished-at="2022-11-17T21:43:31Z" duration-ms="0" status="PASS">
          <reporter-output>
          </reporter-output>
        </test-method> <!-- afterClass -->
        <test-method is-config="true" signature="afterWebTest()[pri:0, instance:com.excelr.testing.TestNGDemo@7fd50002]" started-at="2022-11-17T21:43:31Z" name="afterWebTest" finished-at="2022-11-17T21:43:31Z" duration-ms="0" status="PASS">
          <reporter-output>
          </reporter-output>
        </test-method> <!-- afterWebTest -->
        <test-method is-config="true" signature="SendReport()[pri:0, instance:com.excelr.testing.TestNGDemo@7fd50002]" started-at="2022-11-17T21:43:31Z" name="SendReport" finished-at="2022-11-17T21:43:31Z" duration-ms="0" status="PASS">
          <reporter-output>
          </reporter-output>
        </test-method> <!-- SendReport -->
      </class> <!-- com.excelr.testing.TestNGDemo -->
      <class name="com.excelr.testing.DependsOnDemo">
        <test-method signature="validateLogin()[pri:0, instance:com.excelr.testing.DependsOnDemo@533bda92]" started-at="2022-11-17T21:43:31Z" name="validateLogin" finished-at="2022-11-17T21:43:31Z" duration-ms="3" status="PASS">
          <reporter-output>
          </reporter-output>
        </test-method> <!-- validateLogin -->
        <test-method signature="applyLeave()[pri:0, instance:com.excelr.testing.DependsOnDemo@533bda92]" started-at="2022-11-17T21:43:31Z" name="applyLeave" finished-at="2022-11-17T21:43:31Z" depends-on-methods="com.excelr.testing.DependsOnDemo.validateLogin" duration-ms="1" status="PASS">
          <reporter-output>
          </reporter-output>
        </test-method> <!-- applyLeave -->
        <test-method signature="deleteLeave()[pri:0, instance:com.excelr.testing.DependsOnDemo@533bda92]" started-at="2022-11-17T21:43:31Z" name="deleteLeave" finished-at="2022-11-17T21:43:31Z" depends-on-methods="com.excelr.testing.DependsOnDemo.applyLeave, com.excelr.testing.DependsOnDemo.validateLogin" duration-ms="0" status="PASS">
          <reporter-output>
          </reporter-output>
        </test-method> <!-- deleteLeave -->
        <test-method signature="editLeave()[pri:0, instance:com.excelr.testing.DependsOnDemo@533bda92]" started-at="2022-11-17T21:43:31Z" name="editLeave" finished-at="2022-11-17T21:43:31Z" depends-on-methods="com.excelr.testing.DependsOnDemo.applyLeave, com.excelr.testing.DependsOnDemo.validateLogin" duration-ms="0" status="PASS">
          <reporter-output>
          </reporter-output>
        </test-method> <!-- editLeave -->
      </class> <!-- com.excelr.testing.DependsOnDemo -->
    </test> <!-- Test1 -->
  </suite> <!-- Suite -->
</testng-results>
